#
# There is insufficient memory for the Java Runtime Environment to continue.
# Native memory allocation (malloc) failed to allocate 1048576 bytes for AllocateHeap
# Possible reasons:
#   The system is out of physical RAM or swap space
#   The process is running with CompressedOops enabled, and the Java Heap may be blocking the growth of the native heap
# Possible solutions:
#   Reduce memory load on the system
#   Increase physical memory or swap space
#   Check if swap backing store is full
#   Decrease Java heap size (-Xmx/-Xms)
#   Decrease number of Java threads
#   Decrease Java thread stack sizes (-Xss)
#   Set larger code cache with -XX:ReservedCodeCacheSize=
#   JVM is running with Zero Based Compressed Oops mode in which the Java heap is
#     placed in the first 32GB address space. The Java Heap base address is the
#     maximum limit for the native heap growth. Please use -XX:HeapBaseMinAddress
#     to set the Java Heap base and to place the Java Heap above 32GB virtual address.
# This output file may be truncated or incomplete.
#
#  Out of Memory Error (memory/allocation.inline.hpp:61), pid=16152, tid=0x000000000000273c
#
# JRE version:  (8.0_301-b09) (build )
# Java VM: Java HotSpot(TM) 64-Bit Server VM (25.301-b09 mixed mode windows-amd64 compressed oops)
# Failed to write core dump. Minidumps are not enabled by default on client versions of Windows
#

---------------  T H R E A D  ---------------

Current thread (0x000002269f7a5800):  JavaThread "Unknown thread" [_thread_in_vm, id=10044, stack(0x0000009f3cd00000,0x0000009f3ce00000)]

Stack: [0x0000009f3cd00000,0x0000009f3ce00000]
Native frames: (J=compiled Java code, j=interpreted, Vv=VM code, C=native code)
V  [jvm.dll+0x32ed79]
V  [jvm.dll+0x275722]
V  [jvm.dll+0x2763cd]
V  [jvm.dll+0x26ce05]
V  [jvm.dll+0x509d]
V  [jvm.dll+0x3c964d]
V  [jvm.dll+0x3ca3ca]
V  [jvm.dll+0x3c6367]
V  [jvm.dll+0xfcdcf]
V  [jvm.dll+0x20a0bb]
V  [jvm.dll+0x238ae7]
V  [jvm.dll+0x162876]
C  [java.exe+0x2312]
C  [java.exe+0x15f54]
C  [KERNEL32.DLL+0x1257d]
C  [ntdll.dll+0x5aa48]


---------------  P R O C E S S  ---------------

Java Threads: ( => current thread )

Other Threads:

=>0x000002269f7a5800 (exited) JavaThread "Unknown thread" [_thread_in_vm, id=10044, stack(0x0000009f3cd00000,0x0000009f3ce00000)]

VM state:not at safepoint (normal execution)

VM Mutex/Monitor currently owned by a thread: None

heap address: 0x0000000705200000, size: 2990 MB, Compressed Oops mode: Zero based, Oop shift amount: 3
Narrow klass base: 0x0000000000000000, Narrow klass shift: 3
Compressed class space size: 1073741824 Address: 0x00000007c0000000

Heap:
 PSYoungGen      total 56320K, used 972K [0x0000000781b80000, 0x0000000785a00000, 0x00000007c0000000)
  eden space 48640K, 2% used [0x0000000781b80000,0x0000000781c73340,0x0000000784b00000)
  from space 7680K, 0% used [0x0000000785280000,0x0000000785280000,0x0000000785a00000)
  to   space 7680K, 0% used [0x0000000784b00000,0x0000000784b00000,0x0000000785280000)
 ParOldGen       total 128512K, used 0K [0x0000000705200000, 0x000000070cf80000, 0x0000000781b80000)
  object space 128512K, 0% used [0x0000000705200000,0x0000000705200000,0x000000070cf80000)
 Metaspace       used 778K, capacity 4480K, committed 4480K, reserved 1056768K
  class space    used 76K, capacity 384K, committed 384K, reserved 1048576K

Card table byte_map: [0x00000226b0400000,0x00000226b09e0000] byte_map_base: 0x00000226acbd7000

Marking Bits: (ParMarkBitMap*) 0x0000000071587fe0
 Begin Bits: [0x00000226b0dd0000, 0x00000226b3c88000)
 End Bits:   [0x00000226b3c88000, 0x00000226b6b40000)

Polling page: 0x00000226a1010000

CodeCache: size=245760Kb used=328Kb max_used=328Kb free=245431Kb
 bounds [0x00000226a1040000, 0x00000226a12b0000, 0x00000226b0040000]
 total_blobs=58 nmethods=0 adapters=38
 compilation: enabled

Compilation events (0 events):
No events

GC Heap History (0 events):
No events

Deoptimization events (0 events):
No events

Classes redefined (0 events):
No events

Internal exceptions (0 events):
No events

Events (10 events):
Event: 0.033 loading class java/lang/Short
Event: 0.033 loading class java/lang/Short done
Event: 0.033 loading class java/lang/Integer
Event: 0.033 loading class java/lang/Integer done
Event: 0.033 loading class java/lang/Long
Event: 0.033 loading class java/lang/Long done
Event: 0.033 loading class java/lang/NullPointerException
Event: 0.034 loading class java/lang/NullPointerException done
Event: 0.034 loading class java/lang/ArithmeticException
Event: 0.034 loading class java/lang/ArithmeticException done


Dynamic libraries:
0x00007ff72ea60000 - 0x00007ff72eaa7000 	C:\Program Files\Java\jdk1.8.0_301\bin\java.exe
0x00007ffb06570000 - 0x00007ffb06787000 	C:\windows\SYSTEM32\ntdll.dll
0x00007ffb05400000 - 0x00007ffb054c4000 	C:\windows\System32\KERNEL32.DLL
0x00007ffb03ec0000 - 0x00007ffb04267000 	C:\windows\System32\KERNELBASE.dll
0x00007ffb05340000 - 0x00007ffb053f2000 	C:\windows\System32\ADVAPI32.dll
0x00007ffb05240000 - 0x00007ffb052e7000 	C:\windows\System32\msvcrt.dll
0x00007ffb063d0000 - 0x00007ffb06478000 	C:\windows\System32\sechost.dll
0x00007ffb03be0000 - 0x00007ffb03c08000 	C:\windows\System32\bcrypt.dll
0x00007ffb062b0000 - 0x00007ffb063c5000 	C:\windows\System32\RPCRT4.dll
0x00007ffb04dc0000 - 0x00007ffb04f6e000 	C:\windows\System32\USER32.dll
0x00007ffb04270000 - 0x00007ffb04296000 	C:\windows\System32\win32u.dll
0x00007ffb05a20000 - 0x00007ffb05a49000 	C:\windows\System32\GDI32.dll
0x00007ffb03890000 - 0x00007ffb039a9000 	C:\windows\System32\gdi32full.dll
0x00007ffb03b40000 - 0x00007ffb03bda000 	C:\windows\System32\msvcp_win.dll
0x00007ffb03a20000 - 0x00007ffb03b31000 	C:\windows\System32\ucrtbase.dll
0x00007ffae9530000 - 0x00007ffae97c3000 	C:\windows\WinSxS\amd64_microsoft.windows.common-controls_6595b64144ccf1df_6.0.22621.3527_none_270e469b73872a76\COMCTL32.dll
0x00007ffb04610000 - 0x00007ffb04641000 	C:\windows\System32\IMM32.DLL
0x00007ffacfb10000 - 0x00007ffacfb25000 	C:\Program Files\Java\jdk1.8.0_301\jre\bin\vcruntime140.dll
0x00007ffabc1a0000 - 0x00007ffabc23b000 	C:\Program Files\Java\jdk1.8.0_301\jre\bin\msvcp140.dll
0x0000000070da0000 - 0x0000000071600000 	C:\Program Files\Java\jdk1.8.0_301\jre\bin\server\jvm.dll
0x00007ffb06480000 - 0x00007ffb06488000 	C:\windows\System32\PSAPI.DLL
0x00007ffaf9730000 - 0x00007ffaf9764000 	C:\windows\SYSTEM32\WINMM.dll
0x00007ffac5b20000 - 0x00007ffac5b29000 	C:\windows\SYSTEM32\WSOCK32.dll
0x00007ffb04d40000 - 0x00007ffb04db1000 	C:\windows\System32\WS2_32.dll
0x00007ffaf4720000 - 0x00007ffaf472a000 	C:\windows\SYSTEM32\VERSION.dll
0x00007ffb02880000 - 0x00007ffb02898000 	C:\windows\SYSTEM32\kernel.appcore.dll
0x00007ffafe960000 - 0x00007ffafe970000 	C:\Program Files\Java\jdk1.8.0_301\jre\bin\verify.dll
0x00007ffacdb70000 - 0x00007ffacdb9b000 	C:\Program Files\Java\jdk1.8.0_301\jre\bin\java.dll
0x00007ffabc9e0000 - 0x00007ffabc9f8000 	C:\Program Files\Java\jdk1.8.0_301\jre\bin\zip.dll
0x00007ffb01150000 - 0x00007ffb01383000 	C:\windows\SYSTEM32\dbghelp.dll
0x00007ffb048c0000 - 0x00007ffb04c48000 	C:\windows\System32\combase.dll
0x00007ffb04c60000 - 0x00007ffb04d37000 	C:\windows\System32\OLEAUT32.dll
0x00007ffb03cd0000 - 0x00007ffb03d49000 	C:\windows\System32\bcryptPrimitives.dll

VM Arguments:
java_command: Mobil.Main
java_class_path (initial): C:\Users\HP\Documents\VscodeProjects\New folder (2)\Modul 5\Mobil\Mobil\bin
Launcher Type: SUN_STANDARD

Environment Variables:
PATH=C:\Program Files (x86)\Common Files\Oracle\Java\javapath;C:\windows\system32;C:\windows;C:\windows\System32\Wbem;C:\windows\System32\WindowsPowerShell\v1.0\;C:\windows\System32\OpenSSH\;C:\Program Files\Microsoft VS Code\bin;C:\Program Files\Git\cmd;C:\Users\HP\AppData\Local\Programs\Python\Python312\Scripts\;C:\Users\HP\AppData\Local\Programs\Python\Python312\;C:\Users\HP\AppData\Local\Microsoft\WindowsApps;
USERNAME=HP
OS=Windows_NT
PROCESSOR_IDENTIFIER=Intel64 Family 6 Model 154 Stepping 4, GenuineIntel



---------------  S Y S T E M  ---------------

OS: Windows 10.0 , 64 bit Build 22621 (10.0.22621.3527)

CPU:total 8 (initial active 8) (4 cores per cpu, 2 threads per core) family 6 model 154 stepping 4, cmov, cx8, fxsr, mmx, sse, sse2, sse3, ssse3, sse4.1, sse4.2, popcnt, avx, avx2, aes, clmul, erms, 3dnowpref, lzcnt, ht, tsc, tscinvbit, bmi1, bmi2, adx

Memory: 4k page, physical 12246508k(3223620k free), swap 14693868k(5124k free)

vm_info: Java HotSpot(TM) 64-Bit Server VM (25.301-b09) for windows-amd64 JRE (1.8.0_301-b09), built on Jun  9 2021 06:46:21 by "java_re" with MS VC++ 15.9 (VS2017)

time: Mon May 13 13:27:44 2024
timezone: SE Asia Standard Time
elapsed time: 0.067352 seconds (0d 0h 0m 0s)

